2019-03-17 11:35:05 FATAL LoggingExample:19 - this is the method
2019-03-17 11:40:18 FATAL LoggingExample:19 - this is the method
2019-03-17 11:41:26 FATAL LoggingExample:19 - this is the method
2019-03-17 11:46:38 FATAL LoggingExample:19 - this is the method
2019-03-17 11:49:05 INFO  LoggingExample:14 - this is the before method
2019-03-17 11:49:05 FATAL LoggingExample:19 - this is the method
2019-03-17 11:49:05 INFO  LoggingExample:21 - this is the method
2019-03-17 11:49:05 INFO  LoggingExample:27 - this is the after method
starting the method
3
3
[3, 4, 5]
harvard
size: 3
[[harvard, yale, princeton, stanford, duke, berkeley, ping pong], [kilimanjaro, half dome, denali, meru], [google, apple, microsoft, bay_area, amazon, tesla, facebook]]
{rooms=[{withTV=true, name=harvard, description=veritas, id=112, withWhiteBoard=false, capacity=6}, {withTV=true, name=yale, description=lux et veritas, id=113, withWhiteBoard=false, capacity=6}, {withTV=true, name=princeton, description=dei sub numine viget, id=114, withWhiteBoard=false, capacity=4}, {withTV=false, name=stanford, description=die luft der freiheit weht, id=115, withWhiteBoard=true, capacity=6}, {withTV=true, name=duke, description=eruditio et religio, id=116, withWhiteBoard=false, capacity=4}, {withTV=true, name=berkeley, description=fiat lux, id=117, withWhiteBoard=false, capacity=4}, {withTV=true, name=ping pong, description=mens et manus, id=111, withWhiteBoard=false, capacity=6}], name=light-side, id=3}
rooms
[{withTV=true, name=harvard, description=veritas, id=112, withWhiteBoard=false, capacity=6}, {withTV=true, name=yale, description=lux et veritas, id=113, withWhiteBoard=false, capacity=6}, {withTV=true, name=princeton, description=dei sub numine viget, id=114, withWhiteBoard=false, capacity=4}, {withTV=false, name=stanford, description=die luft der freiheit weht, id=115, withWhiteBoard=true, capacity=6}, {withTV=true, name=duke, description=eruditio et religio, id=116, withWhiteBoard=false, capacity=4}, {withTV=true, name=berkeley, description=fiat lux, id=117, withWhiteBoard=false, capacity=4}, {withTV=true, name=ping pong, description=mens et manus, id=111, withWhiteBoard=false, capacity=6}]
name
light-side
id
3
{rooms=[{withTV=true, name=harvard, description=veritas, id=112, withWhiteBoard=false, capacity=6}, {withTV=true, name=yale, description=lux et veritas, id=113, withWhiteBoard=false, capacity=6}, {withTV=true, name=princeton, description=dei sub numine viget, id=114, withWhiteBoard=false, capacity=4}, {withTV=false, name=stanford, description=die luft der freiheit weht, id=115, withWhiteBoard=true, capacity=6}, {withTV=true, name=duke, description=eruditio et religio, id=116, withWhiteBoard=false, capacity=4}, {withTV=true, name=berkeley, description=fiat lux, id=117, withWhiteBoard=false, capacity=4}, {withTV=true, name=ping pong, description=mens et manus, id=111, withWhiteBoard=false, capacity=6}], name=light-side, id=3}
rooms
[{withTV=true, name=harvard, description=veritas, id=112, withWhiteBoard=false, capacity=6}, {withTV=true, name=yale, description=lux et veritas, id=113, withWhiteBoard=false, capacity=6}, {withTV=true, name=princeton, description=dei sub numine viget, id=114, withWhiteBoard=false, capacity=4}, {withTV=false, name=stanford, description=die luft der freiheit weht, id=115, withWhiteBoard=true, capacity=6}, {withTV=true, name=duke, description=eruditio et religio, id=116, withWhiteBoard=false, capacity=4}, {withTV=true, name=berkeley, description=fiat lux, id=117, withWhiteBoard=false, capacity=4}, {withTV=true, name=ping pong, description=mens et manus, id=111, withWhiteBoard=false, capacity=6}]
name
light-side
id
3
true
harvard
veritas
112
false
6
true
harvard
veritas
112
false
6
{firstname=Alberto, role=student-team-member, id=2664, lastname=Nikolaus}
{firstname=Johnson, role=student-team-member, id=2721, lastname=Upton}
{firstname=Madeleine, role=student-team-member, id=3000, email=madeleinesawayn@rath.io, lastname=Sawayn}
{firstname=Kathline, role=student-team-member, id=3048, email=kathlinerunolfsdottir@dooley.info, lastname=Runolfsdottir}
